app/seeds.txt
com.wallet.R$styleable: int SearchView_android_inputType
com.wallet.R$styleable: int SwitchCompat_splitTrack
com.wallet.R$styleable: int AppCompatTheme_actionDropDownStyle
com.wallet.cold.app.pawn.ShoplistActivity: void onClick(android.view.View)
com.wallet.cold.head.RoundImageView: RoundImageView(android.content.Context)
com.wallet.R$styleable: int ConstraintSet_layout_constraintTop_creator
com.wallet.cold.dfu.dfu_service.DfuService: DfuService()
com.wallet.R$styleable: int ActionMode_height
com.wallet.hot.app.Verification$20: void onClick(android.view.View)
com.wallet.cold.dfu.exception.ConnectException: int getGattStatus()
com.wallet.cold.app.pawn.ShopActivity$MyAdapter$1: void onClick(android.view.View)
com.wallet.cold.app.index.MeActivity
com.wallet.R$styleable: int MenuItem_iconTintMode
com.wallet.R$styleable: int AppCompatTextView_autoSizeMaxTextSize
com.wallet.cold.dfu.exception.BleException: java.lang.String description
com.wallet.R$styleable: int ConstraintSet_layout_constraintHorizontal_bias
com.wallet.R$styleable: int[] Spinner
com.wallet.cold.rlp.DecodeResult: java.lang.String toString()
com.wallet.cold.app.util.FingerprintsXQ
com.wallet.R$styleable: int ActionBar_backgroundStacked
com.wallet.R$styleable: int ConstraintSet_layout_constraintCircleAngle
com.wallet.cold.dfu.exception.BleException: int ERROR_CODE_GATT
com.wallet.R$styleable: int[] LinearLayoutCompat_Layout
com.wallet.R$styleable: int[] LinearLayoutCompat
com.wallet.R$styleable: int AppCompatTheme_listPopupWindowStyle
com.wallet.R$styleable: int Toolbar_titleMargin
com.wallet.cold.app.pawn.PawnActivity: PawnActivity()
com.wallet.R$styleable: int AppCompatTheme_viewInflaterClass
com.wallet.R$styleable: int Spinner_android_entries
com.wallet.R$styleable: int SwitchCompat_android_textOn
com.wallet.R$styleable: int ActionBar_subtitleTextStyle
com.wallet.R$styleable: int AppCompatTextHelper_android_drawableEnd
com.wallet.R$styleable: int[] SearchView
com.wallet.cold.app.pawn.login: void onClick(android.view.View)
com.wallet.R$styleable: int Toolbar_android_gravity
com.wallet.R$styleable: int MenuView_preserveIconSpacing
com.wallet.hot.app.BackUpMnemonicActivity: BackUpMnemonicActivity()
com.wallet.R$styleable: int ListPopupWindow_android_dropDownVerticalOffset
com.wallet.cold.utils.PayFragment$2
com.wallet.R$styleable: int ConstraintSet_android_rotationY
com.wallet.cold.app.main.ColdMainActivity$1
com.wallet.R$styleable: int AppCompatTheme_windowActionBar
com.wallet.cold.dfu.exception.BleException: int getCode()
com.wallet.R$styleable: int Toolbar_titleTextAppearance
com.wallet.R$styleable: int AppCompatTheme_actionModeCloseButtonStyle
com.wallet.cold.app.pawn.RiskActivity
com.wallet.R$styleable: int ViewStubCompat_android_inflatedId
com.wallet.cold.app.index.Linkman: void onClick(android.view.View)
com.wallet.cold.dfu.BaseActivity
com.wallet.cold.app.index.HQActivity: HQActivity()
com.wallet.hot.app.Verification$16
com.wallet.cold.app.main.NumbersActivity
com.wallet.R$styleable: int AppCompatSeekBar_tickMarkTintMode
com.wallet.cold.app.main.RecoverActivity
com.wallet.cold.app.pawn.CardAmount
com.wallet.R$styleable: int Toolbar_collapseContentDescription
com.wallet.cold.app.auth0.auth0login: auth0login()
com.wallet.R$styleable: int AppCompatTheme_colorButtonNormal
com.wallet.R$styleable: int ConstraintSet_layout_constraintLeft_creator
com.wallet.R$styleable: int MenuView_android_verticalDivider
com.wallet.R$styleable: int RecycleListView_paddingTopNoTitle
com.wallet.cold.app.index.AddBiActivity: AddBiActivity()
com.wallet.R$styleable: int ConstraintSet_layout_constraintWidth_min
com.wallet.cold.rlp.DecodeResult: java.lang.Object getDecoded()
com.wallet.R$styleable: int AppCompatTheme_textAppearanceListItem
com.wallet.R$styleable: int ConstraintSet_layout_constraintHeight_max
com.wallet.cold.utils.PwdInputMethodView$1
com.wallet.R$styleable: int AppCompatTheme_android_windowAnimationStyle
com.wallet.cold.dfu.exception.BleException: int code
...
android.arch.lifecycle.ReflectiveGenericLifecycleObserver
android.support.constraint.ConstraintLayout: int getOptimizationLevel()
com.google.common.collect.MapMakerInternalMap: boolean expiresAfterWrite()
android.support.v7.widget.ActionBarContextView: int getContentHeight()
org.bitcoinj.wallet.Protos$Key: boolean isInitialized()
com.google.protobuf.DescriptorProtos$ServiceDescriptorProto: com.google.protobuf.Message getDefaultInstanceForType()
com.google.protobuf.DescriptorProtos$FieldDescriptorProto$Type: int TYPE_MESSAGE_VALUE
org.bitcoinj.wallet.Protos$Script: com.google.protobuf.MessageLite getDefaultInstanceForType()
com.google.common.collect.MapMakerInternalMap$Segment: void clearValueReferenceQueue()
com.google.protobuf.DescriptorProtos$EnumDescriptorProto: com.google.protobuf.Message getDefaultInstanceForType()
org.bitcoinj.wallet.Protos$TransactionSigner: org.bitcoinj.wallet.Protos$TransactionSigner parseFrom(byte[])
com.google.protobuf.DescriptorProtos$EnumDescriptorProto: int bitField0_
com.google.common.collect.TreeMultimap: com.google.common.collect.TreeMultimap create()
android.support.v7.appcompat.R$attr: int expandActivityOverflowButtonDrawable
com.google.protobuf.DescriptorProtos$DescriptorProto: java.util.List nestedType_
com.google.common.collect.LinkedListMultimap: com.google.common.collect.LinkedListMultimap create(int)
com.google.protobuf.DescriptorProtos$OneofDescriptorProto: com.google.protobuf.DescriptorProtos$OneofDescriptorProto parseFrom(com.google.protobuf.CodedInputStream)
com.google.common.collect.ImmutableList: void add(int,java.lang.Object)
android.support.v7.appcompat.R$attr: int icon
android.support.v7.appcompat.R$style: int Base_Widget_AppCompat_Light_ActionBar_TabBar
com.alibaba.fastjson.JSON: com.alibaba.fastjson.JSONArray parseArray(java.lang.String)
android.support.v4.widget.DrawerLayout: DrawerLayout(android.content.Context,android.util.AttributeSet,int)
android.support.v7.appcompat.R$attr: int backgroundTint
android.arch.lifecycle.Lifecycle$State: android.arch.lifecycle.Lifecycle$State STARTED
android.support.v7.appcompat.R$style: int Theme_AppCompat_Dialog_Alert
android.support.v7.appcompat.R$styleable: int CoordinatorLayout_Layout_layout_behavior
org.bitcoinj.core.Sha256Hash: org.bitcoinj.core.Sha256Hash create(byte[])
com.google.common.collect.DescendingImmutableSortedSet: java.lang.Object ceiling(java.lang.Object)
android.support.v7.appcompat.R$styleable: int ActionBar_height
android.support.constraint.solver.widgets.ConstraintWidget$DimensionBehaviour: android.support.constraint.solver.widgets.ConstraintWidget$DimensionBehaviour valueOf(java.lang.String)
android.support.v7.appcompat.R$style: int Base_Widget_AppCompat_ListView
org.bitcoinj.wallet.Protos$Key: int bitField0_
org.bitcoinj.wallet.Protos$TransactionConfidence$Type: org.bitcoinj.wallet.Protos$TransactionConfidence$Type valueOf(com.google.protobuf.Descriptors$EnumValueDescriptor)
com.google.protobuf.WireFormat$FieldType$2
com.google.protobuf.DescriptorProtos$FileOptions: java.lang.Object access$12000(com.google.protobuf.DescriptorProtos$FileOptions)
org.bitcoinj.wallet.Protos$Wallet: java.lang.String getDescription()
android.support.v7.widget.AppCompatEditText: AppCompatEditText(android.content.Context,android.util.AttributeSet,int)
android.support.v4.view.PagerTitleStrip: PagerTitleStrip(android.content.Context)
org.bitcoinj.wallet.Protos$Wallet$EncryptionType: int index
com.google.common.collect.MapMakerInternalMap: void nullifyEvictable(com.google.common.collect.MapMakerInternalMap$ReferenceEntry)
android.support.constraint.R$styleable: int ConstraintSet_android_layout_marginStart
com.google.common.collect.RegularImmutableMultiset: java.util.Set elementSet()
com.google.common.collect.ImmutableMapValues$SerializedForm: com.google.common.collect.ImmutableMap map
org.bitcoinj.wallet.Protos$PeerAddress: org.bitcoinj.wallet.Protos$PeerAddress parseFrom(byte[],com.google.protobuf.ExtensionRegistryLite)