app/mapping.txt
# compiler: R8
# compiler_version: 1.5.69
# min_api: 18
# pg_map_id: d9c03f8
com.wallet.MainActivity -> com.wallet.MainActivity:
    android.widget.TextView mTitleView -> A0
    int mScreenHeight -> G0
    android.widget.Button mImportBtn -> C0
    long mExitTime -> H0
    android.widget.Button mCreateBtn -> B0
    android.animation.ObjectAnimator mTitleViewAnimator -> D0
    android.animation.ObjectAnimator mImportBtnAnimator -> F0
    android.animation.ObjectAnimator mCreateBtnAnimator -> E0
    int access$000(com.wallet.MainActivity) -> a
    android.widget.TextView access$100(com.wallet.MainActivity) -> b
    android.widget.Button access$200(com.wallet.MainActivity) -> c
    android.widget.Button access$300(com.wallet.MainActivity) -> d
    void createAnimation() -> l
    void importAnimation() -> m
    void initAnimation() -> n
    void startAnimation() -> o
    void titleAnimation() -> p
com.wallet.MainActivity$1 -> com.wallet.MainActivity$a:
    com.wallet.MainActivity this$0 -> a
com.wallet.MainActivity$2 -> com.wallet.MainActivity$b:
    com.wallet.MainActivity this$0 -> a
com.wallet.MainActivity$3 -> com.wallet.MainActivity$c:
    com.wallet.MainActivity this$0 -> a
com.wallet.R$styleable -> com.wallet.a:
com.wallet.cold.app.auth0.auth0login -> com.wallet.cold.app.auth0.auth0login:
    android.widget.Button verify -> C0
    android.widget.ImageView photo -> A0
    android.app.Dialog mWeiboDialog -> B0
    android.app.Dialog access$000(com.wallet.cold.app.auth0.auth0login) -> a
    void auth0login(java.lang.String) -> b
    void auth0tzzf() -> l
com.wallet.cold.app.auth0.auth0login$1 -> com.wallet.cold.app.auth0.auth0login$a:
    com.wallet.cold.app.auth0.auth0login this$0 -> i0
com.wallet.cold.app.auth0.auth0login$2 -> com.wallet.cold.app.auth0.auth0login$b:
    java.lang.String val$sign -> i0
com.wallet.cold.app.auth0.auth0register -> com.wallet.cold.app.auth0.auth0register:
    android.widget.TextView fhreset -> B0
    android.widget.Button verify -> G0
    android.app.Dialog mWeiboDialog -> F0
    android.widget.ImageView fanhui5 -> A0
    android.widget.EditText et_pin -> C0
    android.widget.EditText et_pwd -> E0
    android.widget.EditText et_user -> D0
    void auth0register(java.lang.String) -> b
com.wallet.cold.app.auth0.auth0register$1 -> com.wallet.cold.app.auth0.auth0register$a:
    java.lang.String val$sign -> i0
com.wallet.cold.app.index.AddBiActivity -> com.wallet.cold.app.index.AddBiActivity:
    android.widget.TextView name -> B0
    android.widget.TextView addbi -> A0
    android.widget.ImageView ss -> I0
    android.widget.ImageView ssxiao -> J0
    android.widget.ListView lv1 -> G0
    android.widget.ImageView fanhuiadd -> H0
    com.wallet.cold.app.index.AddBiActivity$MyAdapter adapter -> K0
    java.util.List list1 -> M0
    java.util.List list -> L0
    android.widget.TextView noxx -> F0
    android.widget.TextView ssname -> E0
    android.widget.TextView t1 -> D0
    android.widget.TextView quxiao -> C0
    android.widget.TextView access$000(com.wallet.cold.app.index.AddBiActivity) -> a
    com.wallet.cold.app.index.AddBiActivity$MyAdapter access$302(com.wallet.cold.app.index.AddBiActivity,com.wallet.cold.app.index.AddBiActivity$MyAdapter) -> a
    java.util.List access$100(com.wallet.cold.app.index.AddBiActivity) -> b
    java.util.List access$200(com.wallet.cold.app.index.AddBiActivity) -> c
    com.wallet.cold.app.index.AddBiActivity$MyAdapter access$300(com.wallet.cold.app.index.AddBiActivity) -> d
    android.widget.ListView access$400(com.wallet.cold.app.index.AddBiActivity) -> e
    android.widget.TextView access$500(com.wallet.cold.app.index.AddBiActivity) -> f
com.wallet.cold.app.index.AddBiActivity$1 -> com.wallet.cold.app.index.AddBiActivity$a:
    com.wallet.cold.app.index.AddBiActivity this$0 -> a
com.wallet.cold.app.index.AddBiActivity$MyAdapter -> com.wallet.cold.app.index.AddBiActivity$b:
    java.util.List mList -> j0
    android.content.Context mContext -> i0
    com.wallet.cold.app.index.AddBiActivity this$0 -> k0
...
com.google.common.collect.AbstractMultiset$EntrySet -> com.google.common.collect.d$b:
    com.google.common.collect.AbstractMultiset this$0 -> i0
    com.google.common.collect.Multiset multiset() -> a
com.google.common.collect.AbstractSequentialIterator -> com.google.common.collect.e:
    java.lang.Object nextOrNull -> i0
    java.lang.Object computeNext(java.lang.Object) -> a
com.google.common.collect.BiMap -> com.google.common.collect.f:
com.google.common.collect.CollectPreconditions -> com.google.common.collect.g:
    void checkEntryNotNull(java.lang.Object,java.lang.Object) -> a
    int checkNonnegative(int,java.lang.String) -> a
    void checkRemove(boolean) -> a
com.google.common.collect.Collections2 -> com.google.common.collect.h:
    com.google.common.base.Joiner STANDARD_JOINER -> a
    java.util.Collection cast(java.lang.Iterable) -> a
    boolean containsAllImpl(java.util.Collection,java.util.Collection) -> a
    java.lang.StringBuilder newStringBuilderForCollection(int) -> a
    boolean safeContains(java.util.Collection,java.lang.Object) -> a
    java.lang.String toStringImpl(java.util.Collection) -> a
com.google.common.collect.Collections2$1 -> com.google.common.collect.h$a:
    java.util.Collection val$collection -> i0
com.google.common.collect.ComputingConcurrentHashMap$ComputationExceptionReference -> com.google.common.collect.ComputingConcurrentHashMap$a:
    java.lang.Throwable t -> i0
    void clear(com.google.common.collect.MapMakerInternalMap$ValueReference) -> a
    com.google.common.collect.MapMakerInternalMap$ValueReference copyFor(java.lang.ref.ReferenceQueue,java.lang.Object,com.google.common.collect.MapMakerInternalMap$ReferenceEntry) -> a
    com.google.common.collect.MapMakerInternalMap$ReferenceEntry getEntry() -> a
    java.lang.Object waitForValue() -> b
    boolean isComputingReference() -> c
com.google.common.collect.ComputingConcurrentHashMap$ComputedReference -> com.google.common.collect.ComputingConcurrentHashMap$b:
    java.lang.Object value -> i0
    void clear(com.google.common.collect.MapMakerInternalMap$ValueReference) -> a
    com.google.common.collect.MapMakerInternalMap$ValueReference copyFor(java.lang.ref.ReferenceQueue,java.lang.Object,com.google.common.collect.MapMakerInternalMap$ReferenceEntry) -> a
    com.google.common.collect.MapMakerInternalMap$ReferenceEntry getEntry() -> a
    java.lang.Object waitForValue() -> b
    boolean isComputingReference() -> c
com.google.common.collect.ComputingConcurrentHashMap$ComputingValueReference -> com.google.common.collect.ComputingConcurrentHashMap$c:
    com.google.common.collect.MapMakerInternalMap$ValueReference computedReference -> j0
    com.google.common.base.Function computingFunction -> i0
    void clear(com.google.common.collect.MapMakerInternalMap$ValueReference) -> a
    java.lang.Object compute(java.lang.Object,int) -> a
    com.google.common.collect.MapMakerInternalMap$ValueReference copyFor(java.lang.ref.ReferenceQueue,java.lang.Object,com.google.common.collect.MapMakerInternalMap$ReferenceEntry) -> a
    com.google.common.collect.MapMakerInternalMap$ReferenceEntry getEntry() -> a
    void setValueReference(com.google.common.collect.MapMakerInternalMap$ValueReference) -> b
    java.lang.Object waitForValue() -> b
    boolean isComputingReference() -> c
com.google.common.collect.EmptyImmutableSortedMap -> com.google.common.collect.EmptyImmutableSortedMap:
    com.google.common.collect.ImmutableSortedSet keySet -> q0
com.google.common.collect.ExplicitOrdering -> com.google.common.collect.ExplicitOrdering:
    com.google.common.collect.ImmutableMap buildRankMap(java.util.List) -> a
    int rank(java.lang.Object) -> a
com.google.common.collect.FluentIterable -> com.google.common.collect.i:
    java.lang.Iterable iterable -> i0
com.google.common.collect.ForwardingCollection -> com.google.common.collect.j:
com.google.common.collect.ForwardingConcurrentMap -> com.google.common.collect.k: