app/unused.txt
com.wallet.cold.dfu.BluetoothService$5$5
com.wallet.utils.Sweepcode.camera.CameraConfigurationManager
    public android.graphics.Point getScreenResolution()
    private static final java.lang.String TAG
    private static final int MIN_PREVIEW_PIXELS
    private static final double MAX_ASPECT_DISTORTION
com.wallet.cold.dfu.bluetooth.BleBluetooth$3
com.wallet.cold.rlp.CompactEncoder
    public void <init>()
    public static byte[] packNibbles(byte[])
    public static boolean hasTerminator(byte[])
    public static byte[] unpackToNibbles(byte[])
    public static byte[] binToNibbles(byte[])
    private static final byte TERMINATOR
com.wallet.R$styleable
    public void <init>()
com.wallet.cold.dfu.bluetooth.BleBluetooth$2
com.wallet.cold.dfu.BluetoothService$5$4
com.wallet.cold.dfu.exception.OtherException
com.wallet.cold.dfu.bluetooth.BleBluetooth$4
    public void onFoundDevice(com.wallet.cold.dfu.data.ScanResult)
    public void onConnectError(com.wallet.cold.dfu.exception.BleException)
com.wallet.utils.WeiboDialogUtils
    public void <init>()
com.wallet.utils.MyListView
    private static final java.lang.String TAG
    private static final int RELEASE_To_REFRESH
    private static final int PULL_To_REFRESH
    private static final int REFRESHING
    private static final int DONE
    private static final int LOADING
    private static final int RATIO
com.wallet.cold.app.index.Receivables
    public static final java.lang.String APP_ID
    public static final java.lang.String APP_SECRET
com.wallet.MainActivity
    private android.animation.ObjectAnimator mCenterBtnAnimator
com.wallet.BuildConfig
com.wallet.cold.dfu.BluetoothService$Callback2
    public abstract void onDisConnected()
com.wallet.R$drawable
com.wallet.cold.dfu.conn.BleCallback
com.wallet.cold.app.util.Fingerprints
    private android.widget.RelativeLayout l5
com.wallet.cold.app.main.ColdMainActivity
    private long mExitTime
    private static final int REQUEST_SELECT_DEVICE
    private static final int REQUEST_ENABLE_BT
    public static final java.lang.String TAG
    private static final int UART_PROFILE_DISCONNECTED
    private static final long SCAN_PERIOD
    public static final java.lang.String MAC_ADDRESS
    public static final java.lang.String DEVICE_NAME
com.wallet.cold.dfu.BleManager
    public com.wallet.cold.dfu.bluetooth.BleBluetooth getBleBluetooth()
    public void handleException(com.wallet.cold.dfu.exception.BleException)
    public boolean scanDevice(com.wallet.cold.dfu.scan.ListScanCallback)
    public void connectDevice(com.wallet.cold.dfu.data.ScanResult,boolean,com.wallet.cold.dfu.conn.BleGattCallback)
    public void scanNameAndConnect(java.lang.String,long,boolean,com.wallet.cold.dfu.conn.BleGattCallback)
    public void scanNamesAndConnect(java.lang.String[],long,boolean,com.wallet.cold.dfu.conn.BleGattCallback)
    public void scanfuzzyNameAndConnect(java.lang.String,long,boolean,com.wallet.cold.dfu.conn.BleGattCallback)
    public void scanfuzzyNamesAndConnect(java.lang.String[],long,boolean,com.wallet.cold.dfu.conn.BleGattCallback)
    public void scanMacAndConnect(java.lang.String,long,boolean,com.wallet.cold.dfu.conn.BleGattCallback)
    public void cancelScan()
    public boolean notify(java.lang.String,java.lang.String,com.wallet.cold.dfu.conn.BleCharacterCallback)
    public boolean indicate(java.lang.String,java.lang.String,com.wallet.cold.dfu.conn.BleCharacterCallback)
    public boolean stopNotify(java.lang.String,java.lang.String)
    public boolean stopIndicate(java.lang.String,java.lang.String)
    public boolean writeDevice(java.lang.String,java.lang.String,byte[],com.wallet.cold.dfu.conn.BleCharacterCallback)
com.wallet.cold.dfu.BluetoothService$6$1
com.wallet.R$attr
...
org.bouncycastle.jcajce.provider.asymmetric.rsa.X931SignatureSpi$RIPEMD160WithRSAEncryption
org.spongycastle.crypto.DigestDerivationFunction
org.bouncycastle.asn1.crmf.SubsequentMessage
org.spongycastle.crypto.macs.CMacWithIV
org.bouncycastle.jcajce.provider.asymmetric.rsa.PSSSignatureSpi$SHA256withRSA
org.bouncycastle.jcajce.provider.symmetric.util.BaseKeyGenerator
org.spongycastle.jcajce.provider.digest.Keccak$HashMac384
org.bouncycastle.asn1.x9.X9FieldElement
    public void <init>(java.math.BigInteger,org.bouncycastle.asn1.ASN1OctetString)
    public void <init>(int,int,int,int,org.bouncycastle.asn1.ASN1OctetString)
    public org.bouncycastle.math.ec.ECFieldElement getValue()
rx.internal.operators.OperatorWindowWithTime$CountedSerializedSubject
net.vidageek.mirror.list.dsl.Mapper
org.bouncycastle.jcajce.provider.symmetric.PBEPBKDF2$PBKDF2withSHA3_224
com.fasterxml.jackson.annotation.JsonValue
org.spongycastle.jce.provider.CertStoreCollectionSpi
com.google.common.cache.LocalCache$WeakEntry
org.spongycastle.crypto.BlockCipher
com.google.common.collect.AbstractIndexedListIterator
    protected void <init>(int)
org.spongycastle.jcajce.provider.digest.SHA1$KeyGenerator
com.google.gson.stream.JsonScope
org.spongycastle.jcajce.provider.digest.MD4$HashMac
org.objectweb.asm.Handle
jnr.constants.platform.freebsd.Sysconf
org.bouncycastle.jcajce.provider.digest.RIPEMD256$Digest
rx.internal.operators.OperatorWindowWithTime$ExactSubscriber
org.spongycastle.asn1.pkcs.Pfx
org.bouncycastle.asn1.x509.Certificate
org.spongycastle.asn1.pkcs.RC2CBCParameter
com.googlecode.jsonrpc4j.spring.JsonServiceExporter
org.spongycastle.crypto.generators.DHParametersGenerator
org.bouncycastle.asn1.x500.style.X500NameTokenizer
org.bouncycastle.jcajce.provider.symmetric.Salsa20
org.bitcoinj.wallet.BasicKeyChain
    private void importKeysLocked(java.util.List)
    static org.bitcoinj.wallet.Protos$Key$Builder serializeEncryptableItem(org.bitcoinj.crypto.EncryptableItem)
    public static org.bitcoinj.wallet.BasicKeyChain fromProtobufUnencrypted(java.util.List)
    public static org.bitcoinj.wallet.BasicKeyChain fromProtobufEncrypted(java.util.List,org.bitcoinj.crypto.KeyCrypter)
    private void deserializeFromProtobuf(java.util.List)
    public org.bitcoinj.crypto.KeyCrypter getKeyCrypter()
    public org.bitcoinj.core.ECKey getKey(org.bitcoinj.wallet.KeyChain$KeyPurpose)
    public java.util.List getKeys(org.bitcoinj.wallet.KeyChain$KeyPurpose,int)
    public java.util.List getKeys()
    public varargs int importKeys(org.bitcoinj.core.ECKey[])
    public void importKey(org.bitcoinj.core.ECKey)
    public org.bitcoinj.core.ECKey findKeyFromPubHash(byte[])
    public int numKeys()
    public org.bitcoinj.wallet.BasicKeyChain$State isWatching()
    public boolean removeKey(org.bitcoinj.core.ECKey)
    public long getEarliestKeyCreationTime()
    public java.util.List getListeners()
    java.util.Map serializeToEditableProtobufs()
    public java.util.List serializeToProtobuf()
    public void addEventListener(org.bitcoinj.wallet.listeners.KeyChainEventListener)
    public void addEventListener(org.bitcoinj.wallet.listeners.KeyChainEventListener,java.util.concurrent.Executor)
org.bouncycastle.jcajce.provider.digest.SHA1$Mappings
android.support.v4.hardware.fingerprint.FingerprintManagerCompat$AuthenticationResult
okhttp3.Request$Builder
org.bouncycastle.jcajce.provider.symmetric.Blowfish
org.spongycastle.jcajce.provider.symmetric.AES$PBEWithSHA1AESCBC192
com.google.common.io.ByteArrayDataInput
okhttp3.internal.tls.DistinguishedNameParser
jnr.x86asm.SerializerCore$1
org.spongycastle.asn1.eac.CVCertificate
org.bouncycastle.crypto.tls.HandshakeType
org.bouncycastle.asn1.dvcs.Data
org.bouncycastle.asn1.x9.X962NamedCurves$18
org.web3j.abi.datatypes.generated.Int88
com.subgraph.orchid.crypto.TorKeyAgreement
okhttp3.internal.cache.InternalCache
org.bouncycastle.crypto.tls.DTLSClientProtocol
org.spongycastle.jcajce.provider.symmetric.SM4$GMAC